{"contracts\\Migrations.sol":{"l":{"8":3,"12":1,"16":1},"path":"C:/Users/Kahan Majmudar/OneDrive/Study/Blockchain BTP/Smart-Contract-Testing/contracts/Migrations.sol","s":{"1":3,"2":1,"3":1},"b":{"1":[1,0]},"f":{"1":3,"2":1,"3":1},"fnMap":{"1":{"name":"constructor","line":7,"loc":{"start":{"line":7,"column":2},"end":{"line":7,"column":22}}},"2":{"name":"restricted","line":11,"loc":{"start":{"line":11,"column":2},"end":{"line":11,"column":23}}},"3":{"name":"setCompleted","line":15,"loc":{"start":{"line":15,"column":2},"end":{"line":15,"column":57}}}},"statementMap":{"1":{"start":{"line":8,"column":4},"end":{"line":8,"column":21}},"2":{"start":{"line":12,"column":4},"end":{"line":12,"column":30}},"3":{"start":{"line":16,"column":4},"end":{"line":16,"column":39}}},"branchMap":{"1":{"line":12,"type":"if","locations":[{"start":{"line":12,"column":4},"end":{"line":12,"column":4}},{"start":{"line":12,"column":4},"end":{"line":12,"column":4}}]}}},"contracts\\TetherToken.sol":{"l":{"15":7,"16":0,"18":7,"19":7,"20":7,"25":6,"27":6,"31":13,"32":13,"36":6,"37":6,"38":6,"55":4,"62":29,"63":17,"71":2,"72":2,"119":10,"120":10,"129":5,"130":5,"131":0,"133":5,"134":5,"135":5,"136":5,"137":0,"138":0,"140":5,"149":18,"174":1,"179":1,"180":1,"181":0,"183":1,"184":1,"186":1,"187":1,"188":1,"189":1,"190":0,"191":0,"193":1,"206":2,"208":2,"209":2,"219":2,"240":13,"241":11,"248":1,"249":1,"256":1,"257":1,"264":1,"265":1,"273":1,"277":3,"283":2,"284":2,"288":1,"289":1,"293":1,"294":1,"295":1,"296":1,"297":1,"332":4,"333":4,"334":4,"335":4,"336":4,"337":4,"342":7,"343":5,"344":0,"346":5,"352":3,"353":1,"354":0,"356":1,"362":18,"363":0,"365":18,"371":2,"372":0,"374":2,"380":2,"381":0,"383":2,"389":1,"390":1,"391":1,"396":4,"397":0,"399":4,"408":3,"409":1,"411":1,"412":1,"413":1,"422":2,"423":2,"425":2,"426":2,"427":2,"432":3,"433":1,"435":1,"436":1,"438":1},"path":"C:/Users/Kahan Majmudar/OneDrive/Study/Blockchain BTP/Smart-Contract-Testing/contracts/TetherToken.sol","s":{"1":7,"2":0,"3":7,"4":7,"5":7,"6":6,"7":6,"8":13,"9":13,"10":6,"11":6,"12":6,"13":4,"14":29,"15":2,"16":2,"17":10,"18":5,"19":5,"20":0,"21":5,"22":5,"23":5,"24":5,"25":0,"26":0,"27":5,"28":18,"29":1,"30":1,"31":1,"32":0,"33":1,"34":1,"35":1,"36":1,"37":1,"38":1,"39":0,"40":0,"41":1,"42":2,"43":2,"44":2,"45":2,"46":13,"47":1,"48":1,"49":1,"50":1,"51":1,"52":1,"53":3,"54":2,"55":2,"56":1,"57":1,"58":1,"59":1,"60":1,"61":1,"62":1,"63":4,"64":4,"65":4,"66":4,"67":4,"68":4,"69":7,"70":5,"71":0,"72":5,"73":3,"74":1,"75":0,"76":1,"77":18,"78":0,"79":18,"80":2,"81":0,"82":2,"83":2,"84":0,"85":2,"86":1,"87":1,"88":1,"89":4,"90":0,"91":4,"92":3,"93":1,"94":1,"95":1,"96":1,"97":2,"98":2,"99":2,"100":2,"101":2,"102":3,"103":1,"104":1,"105":1,"106":1},"b":{"1":[0,7],"2":[7,0],"3":[13,0],"4":[6,0],"5":[17,12],"6":[2,0],"7":[10,0],"8":[0,5],"9":[0,5],"10":[0,1],"11":[1,0],"12":[0,1],"13":[2,0],"14":[11,2],"15":[1,0],"16":[1,0],"17":[5,2],"18":[0,5],"19":[1,2],"20":[0,1],"21":[0,18],"22":[0,2],"23":[0,2],"24":[0,4],"25":[1,2],"26":[1,0],"27":[2,0],"28":[2,0],"29":[1,2],"30":[1,0]},"f":{"1":7,"2":6,"3":13,"4":6,"5":4,"6":29,"7":2,"8":10,"9":5,"10":18,"11":1,"12":2,"13":2,"14":13,"15":1,"16":1,"17":1,"18":1,"19":3,"20":2,"21":1,"22":1,"23":4,"24":7,"25":3,"26":18,"27":2,"28":2,"29":1,"30":4,"31":3,"32":2,"33":3},"fnMap":{"1":{"name":"mul","line":14,"loc":{"start":{"line":14,"column":4},"end":{"line":14,"column":68}}},"2":{"name":"div","line":23,"loc":{"start":{"line":23,"column":4},"end":{"line":23,"column":68}}},"3":{"name":"sub","line":30,"loc":{"start":{"line":30,"column":4},"end":{"line":30,"column":68}}},"4":{"name":"add","line":35,"loc":{"start":{"line":35,"column":4},"end":{"line":35,"column":68}}},"5":{"name":"constructor","line":54,"loc":{"start":{"line":54,"column":4},"end":{"line":54,"column":22}}},"6":{"name":"onlyOwner","line":61,"loc":{"start":{"line":61,"column":4},"end":{"line":61,"column":22}}},"7":{"name":"transferOwnership","line":70,"loc":{"start":{"line":70,"column":4},"end":{"line":70,"column":63}}},"8":{"name":"onlyPayloadSize","line":118,"loc":{"start":{"line":118,"column":4},"end":{"line":118,"column":37}}},"9":{"name":"transfer","line":128,"loc":{"start":{"line":128,"column":4},"end":{"line":128,"column":76}}},"10":{"name":"balanceOf","line":148,"loc":{"start":{"line":148,"column":4},"end":{"line":148,"column":75}}},"11":{"name":"transferFrom","line":173,"loc":{"start":{"line":173,"column":4},"end":{"line":173,"column":95}}},"12":{"name":"approve","line":201,"loc":{"start":{"line":201,"column":4},"end":{"line":201,"column":80}}},"13":{"name":"allowance","line":218,"loc":{"start":{"line":218,"column":4},"end":{"line":218,"column":95}}},"14":{"name":"whenNotPaused","line":239,"loc":{"start":{"line":239,"column":2},"end":{"line":239,"column":26}}},"15":{"name":"whenPaused","line":247,"loc":{"start":{"line":247,"column":2},"end":{"line":247,"column":23}}},"16":{"name":"pause","line":255,"loc":{"start":{"line":255,"column":2},"end":{"line":255,"column":49}}},"17":{"name":"unpause","line":263,"loc":{"start":{"line":263,"column":2},"end":{"line":263,"column":48}}},"18":{"name":"getBlackListStatus","line":272,"loc":{"start":{"line":272,"column":4},"end":{"line":272,"column":78}}},"19":{"name":"getOwner","line":276,"loc":{"start":{"line":276,"column":4},"end":{"line":276,"column":57}}},"20":{"name":"addBlackList","line":282,"loc":{"start":{"line":282,"column":4},"end":{"line":282,"column":60}}},"21":{"name":"removeBlackList","line":287,"loc":{"start":{"line":287,"column":4},"end":{"line":287,"column":66}}},"22":{"name":"destroyBlackFunds","line":292,"loc":{"start":{"line":292,"column":4},"end":{"line":292,"column":72}}},"23":{"name":"constructor","line":331,"loc":{"start":{"line":331,"column":4},"end":{"line":331,"column":87}}},"24":{"name":"transfer","line":341,"loc":{"start":{"line":341,"column":4},"end":{"line":341,"column":66}}},"25":{"name":"transferFrom","line":351,"loc":{"start":{"line":351,"column":4},"end":{"line":351,"column":85}}},"26":{"name":"balanceOf","line":361,"loc":{"start":{"line":361,"column":4},"end":{"line":361,"column":64}}},"27":{"name":"approve","line":370,"loc":{"start":{"line":370,"column":4},"end":{"line":370,"column":80}}},"28":{"name":"allowance","line":379,"loc":{"start":{"line":379,"column":4},"end":{"line":379,"column":95}}},"29":{"name":"deprecate","line":388,"loc":{"start":{"line":388,"column":4},"end":{"line":388,"column":63}}},"30":{"name":"totalSupply","line":395,"loc":{"start":{"line":395,"column":4},"end":{"line":395,"column":55}}},"31":{"name":"issue","line":407,"loc":{"start":{"line":407,"column":4},"end":{"line":407,"column":46}}},"32":{"name":"redeem","line":421,"loc":{"start":{"line":421,"column":4},"end":{"line":421,"column":47}}},"33":{"name":"setParams","line":430,"loc":{"start":{"line":430,"column":4},"end":{"line":430,"column":74}}}},"statementMap":{"1":{"start":{"line":15,"column":8},"end":{"line":15,"column":481}},"2":{"start":{"line":16,"column":12},"end":{"line":16,"column":20}},"3":{"start":{"line":18,"column":8},"end":{"line":18,"column":25}},"4":{"start":{"line":19,"column":8},"end":{"line":19,"column":25}},"5":{"start":{"line":20,"column":8},"end":{"line":20,"column":16}},"6":{"start":{"line":25,"column":8},"end":{"line":25,"column":25}},"7":{"start":{"line":27,"column":8},"end":{"line":27,"column":16}},"8":{"start":{"line":31,"column":8},"end":{"line":31,"column":21}},"9":{"start":{"line":32,"column":8},"end":{"line":32,"column":20}},"10":{"start":{"line":36,"column":8},"end":{"line":36,"column":25}},"11":{"start":{"line":37,"column":8},"end":{"line":37,"column":21}},"12":{"start":{"line":38,"column":8},"end":{"line":38,"column":16}},"13":{"start":{"line":55,"column":8},"end":{"line":55,"column":25}},"14":{"start":{"line":62,"column":8},"end":{"line":62,"column":35}},"15":{"start":{"line":71,"column":8},"end":{"line":71,"column":2112}},"16":{"start":{"line":72,"column":12},"end":{"line":72,"column":27}},"17":{"start":{"line":119,"column":8},"end":{"line":119,"column":45}},"18":{"start":{"line":129,"column":8},"end":{"line":129,"column":59}},"19":{"start":{"line":130,"column":8},"end":{"line":130,"column":3952}},"20":{"start":{"line":131,"column":12},"end":{"line":131,"column":27}},"21":{"start":{"line":133,"column":8},"end":{"line":133,"column":41}},"22":{"start":{"line":134,"column":8},"end":{"line":134,"column":62}},"23":{"start":{"line":135,"column":8},"end":{"line":135,"column":52}},"24":{"start":{"line":136,"column":8},"end":{"line":136,"column":4193}},"25":{"start":{"line":137,"column":12},"end":{"line":137,"column":53}},"26":{"start":{"line":138,"column":12},"end":{"line":138,"column":49}},"27":{"start":{"line":140,"column":8},"end":{"line":140,"column":50}},"28":{"start":{"line":149,"column":8},"end":{"line":149,"column":31}},"29":{"start":{"line":174,"column":8},"end":{"line":174,"column":52}},"30":{"start":{"line":179,"column":8},"end":{"line":179,"column":59}},"31":{"start":{"line":180,"column":8},"end":{"line":180,"column":5958}},"32":{"start":{"line":181,"column":12},"end":{"line":181,"column":27}},"33":{"start":{"line":183,"column":8},"end":{"line":183,"column":6033}},"34":{"start":{"line":184,"column":12},"end":{"line":184,"column":62}},"35":{"start":{"line":186,"column":8},"end":{"line":186,"column":41}},"36":{"start":{"line":187,"column":8},"end":{"line":187,"column":52}},"37":{"start":{"line":188,"column":8},"end":{"line":188,"column":52}},"38":{"start":{"line":189,"column":8},"end":{"line":189,"column":6304}},"39":{"start":{"line":190,"column":12},"end":{"line":190,"column":53}},"40":{"start":{"line":191,"column":12},"end":{"line":191,"column":44}},"41":{"start":{"line":193,"column":8},"end":{"line":193,"column":45}},"42":{"start":{"line":206,"column":8},"end":{"line":206,"column":72}},"43":{"start":{"line":208,"column":8},"end":{"line":208,"column":45}},"44":{"start":{"line":209,"column":8},"end":{"line":209,"column":51}},"45":{"start":{"line":219,"column":8},"end":{"line":219,"column":40}},"46":{"start":{"line":240,"column":4},"end":{"line":240,"column":19}},"47":{"start":{"line":248,"column":4},"end":{"line":248,"column":18}},"48":{"start":{"line":256,"column":4},"end":{"line":256,"column":16}},"49":{"start":{"line":257,"column":4},"end":{"line":257,"column":16}},"50":{"start":{"line":264,"column":4},"end":{"line":264,"column":17}},"51":{"start":{"line":265,"column":4},"end":{"line":265,"column":18}},"52":{"start":{"line":273,"column":8},"end":{"line":273,"column":36}},"53":{"start":{"line":277,"column":8},"end":{"line":277,"column":20}},"54":{"start":{"line":283,"column":8},"end":{"line":283,"column":38}},"55":{"start":{"line":284,"column":8},"end":{"line":284,"column":38}},"56":{"start":{"line":288,"column":8},"end":{"line":288,"column":42}},"57":{"start":{"line":289,"column":8},"end":{"line":289,"column":43}},"58":{"start":{"line":293,"column":8},"end":{"line":293,"column":47}},"59":{"start":{"line":294,"column":8},"end":{"line":294,"column":53}},"60":{"start":{"line":295,"column":8},"end":{"line":295,"column":37}},"61":{"start":{"line":296,"column":8},"end":{"line":296,"column":33}},"62":{"start":{"line":297,"column":8},"end":{"line":297,"column":62}},"63":{"start":{"line":332,"column":8},"end":{"line":332,"column":36}},"64":{"start":{"line":333,"column":8},"end":{"line":333,"column":19}},"65":{"start":{"line":334,"column":8},"end":{"line":334,"column":23}},"66":{"start":{"line":335,"column":8},"end":{"line":335,"column":27}},"67":{"start":{"line":336,"column":8},"end":{"line":336,"column":39}},"68":{"start":{"line":337,"column":8},"end":{"line":337,"column":25}},"69":{"start":{"line":342,"column":8},"end":{"line":342,"column":42}},"70":{"start":{"line":343,"column":8},"end":{"line":343,"column":11909}},"71":{"start":{"line":344,"column":12},"end":{"line":344,"column":99}},"72":{"start":{"line":346,"column":12},"end":{"line":346,"column":46}},"73":{"start":{"line":352,"column":8},"end":{"line":352,"column":37}},"74":{"start":{"line":353,"column":8},"end":{"line":353,"column":12334}},"75":{"start":{"line":354,"column":12},"end":{"line":354,"column":110}},"76":{"start":{"line":356,"column":12},"end":{"line":356,"column":57}},"77":{"start":{"line":362,"column":8},"end":{"line":362,"column":12719}},"78":{"start":{"line":363,"column":12},"end":{"line":363,"column":72}},"79":{"start":{"line":365,"column":12},"end":{"line":365,"column":39}},"80":{"start":{"line":371,"column":8},"end":{"line":371,"column":13064}},"81":{"start":{"line":372,"column":12},"end":{"line":372,"column":103}},"82":{"start":{"line":374,"column":12},"end":{"line":374,"column":50}},"83":{"start":{"line":380,"column":8},"end":{"line":380,"column":13466}},"84":{"start":{"line":381,"column":12},"end":{"line":381,"column":77}},"85":{"start":{"line":383,"column":12},"end":{"line":383,"column":52}},"86":{"start":{"line":389,"column":8},"end":{"line":389,"column":24}},"87":{"start":{"line":390,"column":8},"end":{"line":390,"column":41}},"88":{"start":{"line":391,"column":8},"end":{"line":391,"column":40}},"89":{"start":{"line":396,"column":8},"end":{"line":396,"column":14089}},"90":{"start":{"line":397,"column":12},"end":{"line":397,"column":63}},"91":{"start":{"line":399,"column":12},"end":{"line":399,"column":31}},"92":{"start":{"line":408,"column":8},"end":{"line":408,"column":52}},"93":{"start":{"line":409,"column":8},"end":{"line":409,"column":58}},"94":{"start":{"line":411,"column":8},"end":{"line":411,"column":32}},"95":{"start":{"line":412,"column":8},"end":{"line":412,"column":29}},"96":{"start":{"line":413,"column":8},"end":{"line":413,"column":26}},"97":{"start":{"line":422,"column":8},"end":{"line":422,"column":38}},"98":{"start":{"line":423,"column":8},"end":{"line":423,"column":41}},"99":{"start":{"line":425,"column":8},"end":{"line":425,"column":29}},"100":{"start":{"line":426,"column":8},"end":{"line":426,"column":32}},"101":{"start":{"line":427,"column":8},"end":{"line":427,"column":27}},"102":{"start":{"line":432,"column":8},"end":{"line":432,"column":35}},"103":{"start":{"line":433,"column":8},"end":{"line":433,"column":30}},"104":{"start":{"line":435,"column":8},"end":{"line":435,"column":39}},"105":{"start":{"line":436,"column":8},"end":{"line":436,"column":47}},"106":{"start":{"line":438,"column":8},"end":{"line":438,"column":48}}},"branchMap":{"1":{"line":15,"type":"if","locations":[{"start":{"line":15,"column":8},"end":{"line":15,"column":8}},{"start":{"line":15,"column":8},"end":{"line":15,"column":8}}]},"2":{"line":19,"type":"if","locations":[{"start":{"line":19,"column":8},"end":{"line":19,"column":8}},{"start":{"line":19,"column":8},"end":{"line":19,"column":8}}]},"3":{"line":31,"type":"if","locations":[{"start":{"line":31,"column":8},"end":{"line":31,"column":8}},{"start":{"line":31,"column":8},"end":{"line":31,"column":8}}]},"4":{"line":37,"type":"if","locations":[{"start":{"line":37,"column":8},"end":{"line":37,"column":8}},{"start":{"line":37,"column":8},"end":{"line":37,"column":8}}]},"5":{"line":62,"type":"if","locations":[{"start":{"line":62,"column":8},"end":{"line":62,"column":8}},{"start":{"line":62,"column":8},"end":{"line":62,"column":8}}]},"6":{"line":71,"type":"if","locations":[{"start":{"line":71,"column":8},"end":{"line":71,"column":8}},{"start":{"line":71,"column":8},"end":{"line":71,"column":8}}]},"7":{"line":119,"type":"if","locations":[{"start":{"line":119,"column":8},"end":{"line":119,"column":8}},{"start":{"line":119,"column":8},"end":{"line":119,"column":8}}]},"8":{"line":130,"type":"if","locations":[{"start":{"line":130,"column":8},"end":{"line":130,"column":8}},{"start":{"line":130,"column":8},"end":{"line":130,"column":8}}]},"9":{"line":136,"type":"if","locations":[{"start":{"line":136,"column":8},"end":{"line":136,"column":8}},{"start":{"line":136,"column":8},"end":{"line":136,"column":8}}]},"10":{"line":180,"type":"if","locations":[{"start":{"line":180,"column":8},"end":{"line":180,"column":8}},{"start":{"line":180,"column":8},"end":{"line":180,"column":8}}]},"11":{"line":183,"type":"if","locations":[{"start":{"line":183,"column":8},"end":{"line":183,"column":8}},{"start":{"line":183,"column":8},"end":{"line":183,"column":8}}]},"12":{"line":189,"type":"if","locations":[{"start":{"line":189,"column":8},"end":{"line":189,"column":8}},{"start":{"line":189,"column":8},"end":{"line":189,"column":8}}]},"13":{"line":206,"type":"if","locations":[{"start":{"line":206,"column":8},"end":{"line":206,"column":8}},{"start":{"line":206,"column":8},"end":{"line":206,"column":8}}]},"14":{"line":240,"type":"if","locations":[{"start":{"line":240,"column":4},"end":{"line":240,"column":4}},{"start":{"line":240,"column":4},"end":{"line":240,"column":4}}]},"15":{"line":248,"type":"if","locations":[{"start":{"line":248,"column":4},"end":{"line":248,"column":4}},{"start":{"line":248,"column":4},"end":{"line":248,"column":4}}]},"16":{"line":293,"type":"if","locations":[{"start":{"line":293,"column":8},"end":{"line":293,"column":8}},{"start":{"line":293,"column":8},"end":{"line":293,"column":8}}]},"17":{"line":342,"type":"if","locations":[{"start":{"line":342,"column":8},"end":{"line":342,"column":8}},{"start":{"line":342,"column":8},"end":{"line":342,"column":8}}]},"18":{"line":343,"type":"if","locations":[{"start":{"line":343,"column":8},"end":{"line":343,"column":8}},{"start":{"line":343,"column":8},"end":{"line":343,"column":8}}]},"19":{"line":352,"type":"if","locations":[{"start":{"line":352,"column":8},"end":{"line":352,"column":8}},{"start":{"line":352,"column":8},"end":{"line":352,"column":8}}]},"20":{"line":353,"type":"if","locations":[{"start":{"line":353,"column":8},"end":{"line":353,"column":8}},{"start":{"line":353,"column":8},"end":{"line":353,"column":8}}]},"21":{"line":362,"type":"if","locations":[{"start":{"line":362,"column":8},"end":{"line":362,"column":8}},{"start":{"line":362,"column":8},"end":{"line":362,"column":8}}]},"22":{"line":371,"type":"if","locations":[{"start":{"line":371,"column":8},"end":{"line":371,"column":8}},{"start":{"line":371,"column":8},"end":{"line":371,"column":8}}]},"23":{"line":380,"type":"if","locations":[{"start":{"line":380,"column":8},"end":{"line":380,"column":8}},{"start":{"line":380,"column":8},"end":{"line":380,"column":8}}]},"24":{"line":396,"type":"if","locations":[{"start":{"line":396,"column":8},"end":{"line":396,"column":8}},{"start":{"line":396,"column":8},"end":{"line":396,"column":8}}]},"25":{"line":408,"type":"if","locations":[{"start":{"line":408,"column":8},"end":{"line":408,"column":8}},{"start":{"line":408,"column":8},"end":{"line":408,"column":8}}]},"26":{"line":409,"type":"if","locations":[{"start":{"line":409,"column":8},"end":{"line":409,"column":8}},{"start":{"line":409,"column":8},"end":{"line":409,"column":8}}]},"27":{"line":422,"type":"if","locations":[{"start":{"line":422,"column":8},"end":{"line":422,"column":8}},{"start":{"line":422,"column":8},"end":{"line":422,"column":8}}]},"28":{"line":423,"type":"if","locations":[{"start":{"line":423,"column":8},"end":{"line":423,"column":8}},{"start":{"line":423,"column":8},"end":{"line":423,"column":8}}]},"29":{"line":432,"type":"if","locations":[{"start":{"line":432,"column":8},"end":{"line":432,"column":8}},{"start":{"line":432,"column":8},"end":{"line":432,"column":8}}]},"30":{"line":433,"type":"if","locations":[{"start":{"line":433,"column":8},"end":{"line":433,"column":8}},{"start":{"line":433,"column":8},"end":{"line":433,"column":8}}]}}}}