{"contracts\\Migrations.sol":{"l":{"8":3,"12":1,"16":1},"path":"C:/Users/Kahan Majmudar/OneDrive/Study/Blockchain BTP/Smart-Contract-Testing/contracts/Migrations.sol","s":{"1":3,"2":1,"3":1},"b":{"1":[1,0]},"f":{"1":3,"2":1,"3":1},"fnMap":{"1":{"name":"constructor","line":7,"loc":{"start":{"line":7,"column":2},"end":{"line":7,"column":22}}},"2":{"name":"restricted","line":11,"loc":{"start":{"line":11,"column":2},"end":{"line":11,"column":23}}},"3":{"name":"setCompleted","line":15,"loc":{"start":{"line":15,"column":2},"end":{"line":15,"column":57}}}},"statementMap":{"1":{"start":{"line":8,"column":4},"end":{"line":8,"column":21}},"2":{"start":{"line":12,"column":4},"end":{"line":12,"column":30}},"3":{"start":{"line":16,"column":4},"end":{"line":16,"column":39}}},"branchMap":{"1":{"line":12,"type":"if","locations":[{"start":{"line":12,"column":4},"end":{"line":12,"column":4}},{"start":{"line":12,"column":4},"end":{"line":12,"column":4}}]}}},"contracts\\TetherToken.sol":{"l":{"13":7,"14":0,"16":7,"17":7,"18":7,"23":6,"25":6,"29":13,"30":13,"34":6,"35":6,"36":6,"53":4,"60":29,"61":17,"69":2,"70":2,"117":10,"118":10,"127":5,"128":5,"129":0,"131":5,"132":5,"133":5,"134":5,"135":0,"136":0,"138":5,"147":18,"172":1,"177":1,"178":1,"179":0,"181":1,"182":1,"184":1,"185":1,"186":1,"187":1,"188":0,"189":0,"191":1,"205":2,"207":2,"208":2,"218":2,"239":13,"240":11,"247":1,"248":1,"255":1,"256":1,"263":1,"264":1,"272":1,"276":3,"282":2,"283":2,"287":1,"288":1,"292":1,"293":1,"294":1,"295":1,"296":1,"331":4,"332":4,"333":4,"334":4,"335":4,"336":4,"341":7,"342":5,"343":0,"345":5,"351":3,"352":1,"353":0,"355":1,"361":18,"362":0,"364":18,"370":2,"371":0,"373":2,"379":2,"380":0,"382":2,"388":1,"389":1,"390":1,"395":4,"396":0,"398":4,"407":3,"408":1,"410":1,"411":1,"412":1,"421":2,"422":2,"424":2,"425":2,"426":2,"431":3,"432":1,"434":1,"435":1,"437":1},"path":"C:/Users/Kahan Majmudar/OneDrive/Study/Blockchain BTP/Smart-Contract-Testing/contracts/TetherToken.sol","s":{"1":7,"2":0,"3":7,"4":7,"5":7,"6":6,"7":6,"8":13,"9":13,"10":6,"11":6,"12":6,"13":4,"14":29,"15":2,"16":2,"17":10,"18":5,"19":5,"20":0,"21":5,"22":5,"23":5,"24":5,"25":0,"26":0,"27":5,"28":18,"29":1,"30":1,"31":1,"32":0,"33":1,"34":1,"35":1,"36":1,"37":1,"38":1,"39":0,"40":0,"41":1,"42":2,"43":2,"44":2,"45":2,"46":13,"47":1,"48":1,"49":1,"50":1,"51":1,"52":1,"53":3,"54":2,"55":2,"56":1,"57":1,"58":1,"59":1,"60":1,"61":1,"62":1,"63":4,"64":4,"65":4,"66":4,"67":4,"68":4,"69":7,"70":5,"71":0,"72":5,"73":3,"74":1,"75":0,"76":1,"77":18,"78":0,"79":18,"80":2,"81":0,"82":2,"83":2,"84":0,"85":2,"86":1,"87":1,"88":1,"89":4,"90":0,"91":4,"92":3,"93":1,"94":1,"95":1,"96":1,"97":2,"98":2,"99":2,"100":2,"101":2,"102":3,"103":1,"104":1,"105":1,"106":1},"b":{"1":[0,7],"2":[7,0],"3":[13,0],"4":[6,0],"5":[17,12],"6":[2,0],"7":[10,0],"8":[0,5],"9":[0,5],"10":[0,1],"11":[1,0],"12":[0,1],"13":[2,0],"14":[11,2],"15":[1,0],"16":[1,0],"17":[5,2],"18":[0,5],"19":[1,2],"20":[0,1],"21":[0,18],"22":[0,2],"23":[0,2],"24":[0,4],"25":[1,2],"26":[1,0],"27":[2,0],"28":[2,0],"29":[1,2],"30":[1,0]},"f":{"1":7,"2":6,"3":13,"4":6,"5":4,"6":29,"7":2,"8":10,"9":5,"10":18,"11":1,"12":2,"13":2,"14":13,"15":1,"16":1,"17":1,"18":1,"19":3,"20":2,"21":1,"22":1,"23":4,"24":7,"25":3,"26":18,"27":2,"28":2,"29":1,"30":4,"31":3,"32":2,"33":3},"fnMap":{"1":{"name":"mul","line":12,"loc":{"start":{"line":12,"column":4},"end":{"line":12,"column":68}}},"2":{"name":"div","line":21,"loc":{"start":{"line":21,"column":4},"end":{"line":21,"column":68}}},"3":{"name":"sub","line":28,"loc":{"start":{"line":28,"column":4},"end":{"line":28,"column":68}}},"4":{"name":"add","line":33,"loc":{"start":{"line":33,"column":4},"end":{"line":33,"column":68}}},"5":{"name":"constructor","line":52,"loc":{"start":{"line":52,"column":4},"end":{"line":52,"column":27}}},"6":{"name":"onlyOwner","line":59,"loc":{"start":{"line":59,"column":4},"end":{"line":59,"column":22}}},"7":{"name":"transferOwnership","line":68,"loc":{"start":{"line":68,"column":4},"end":{"line":68,"column":63}}},"8":{"name":"onlyPayloadSize","line":116,"loc":{"start":{"line":116,"column":4},"end":{"line":116,"column":37}}},"9":{"name":"transfer","line":126,"loc":{"start":{"line":126,"column":4},"end":{"line":126,"column":76}}},"10":{"name":"balanceOf","line":146,"loc":{"start":{"line":146,"column":4},"end":{"line":146,"column":75}}},"11":{"name":"transferFrom","line":171,"loc":{"start":{"line":171,"column":4},"end":{"line":171,"column":95}}},"12":{"name":"approve","line":199,"loc":{"start":{"line":199,"column":4},"end":{"line":199,"column":80}}},"13":{"name":"allowance","line":217,"loc":{"start":{"line":217,"column":4},"end":{"line":217,"column":95}}},"14":{"name":"whenNotPaused","line":238,"loc":{"start":{"line":238,"column":2},"end":{"line":238,"column":26}}},"15":{"name":"whenPaused","line":246,"loc":{"start":{"line":246,"column":2},"end":{"line":246,"column":23}}},"16":{"name":"pause","line":254,"loc":{"start":{"line":254,"column":2},"end":{"line":254,"column":49}}},"17":{"name":"unpause","line":262,"loc":{"start":{"line":262,"column":2},"end":{"line":262,"column":48}}},"18":{"name":"getBlackListStatus","line":271,"loc":{"start":{"line":271,"column":4},"end":{"line":271,"column":78}}},"19":{"name":"getOwner","line":275,"loc":{"start":{"line":275,"column":4},"end":{"line":275,"column":57}}},"20":{"name":"addBlackList","line":281,"loc":{"start":{"line":281,"column":4},"end":{"line":281,"column":60}}},"21":{"name":"removeBlackList","line":286,"loc":{"start":{"line":286,"column":4},"end":{"line":286,"column":66}}},"22":{"name":"destroyBlackFunds","line":291,"loc":{"start":{"line":291,"column":4},"end":{"line":291,"column":72}}},"23":{"name":"constructor","line":330,"loc":{"start":{"line":330,"column":4},"end":{"line":330,"column":96}}},"24":{"name":"transfer","line":340,"loc":{"start":{"line":340,"column":4},"end":{"line":340,"column":66}}},"25":{"name":"transferFrom","line":350,"loc":{"start":{"line":350,"column":4},"end":{"line":350,"column":85}}},"26":{"name":"balanceOf","line":360,"loc":{"start":{"line":360,"column":4},"end":{"line":360,"column":64}}},"27":{"name":"approve","line":369,"loc":{"start":{"line":369,"column":4},"end":{"line":369,"column":80}}},"28":{"name":"allowance","line":378,"loc":{"start":{"line":378,"column":4},"end":{"line":378,"column":95}}},"29":{"name":"deprecate","line":387,"loc":{"start":{"line":387,"column":4},"end":{"line":387,"column":63}}},"30":{"name":"totalSupply","line":394,"loc":{"start":{"line":394,"column":4},"end":{"line":394,"column":55}}},"31":{"name":"issue","line":406,"loc":{"start":{"line":406,"column":4},"end":{"line":406,"column":46}}},"32":{"name":"redeem","line":420,"loc":{"start":{"line":420,"column":4},"end":{"line":420,"column":47}}},"33":{"name":"setParams","line":429,"loc":{"start":{"line":429,"column":4},"end":{"line":429,"column":74}}}},"statementMap":{"1":{"start":{"line":13,"column":8},"end":{"line":13,"column":304}},"2":{"start":{"line":14,"column":12},"end":{"line":14,"column":20}},"3":{"start":{"line":16,"column":8},"end":{"line":16,"column":25}},"4":{"start":{"line":17,"column":8},"end":{"line":17,"column":25}},"5":{"start":{"line":18,"column":8},"end":{"line":18,"column":16}},"6":{"start":{"line":23,"column":8},"end":{"line":23,"column":25}},"7":{"start":{"line":25,"column":8},"end":{"line":25,"column":16}},"8":{"start":{"line":29,"column":8},"end":{"line":29,"column":21}},"9":{"start":{"line":30,"column":8},"end":{"line":30,"column":20}},"10":{"start":{"line":34,"column":8},"end":{"line":34,"column":25}},"11":{"start":{"line":35,"column":8},"end":{"line":35,"column":21}},"12":{"start":{"line":36,"column":8},"end":{"line":36,"column":16}},"13":{"start":{"line":53,"column":8},"end":{"line":53,"column":25}},"14":{"start":{"line":60,"column":8},"end":{"line":60,"column":35}},"15":{"start":{"line":69,"column":8},"end":{"line":69,"column":1887}},"16":{"start":{"line":70,"column":12},"end":{"line":70,"column":27}},"17":{"start":{"line":117,"column":8},"end":{"line":117,"column":45}},"18":{"start":{"line":127,"column":8},"end":{"line":127,"column":59}},"19":{"start":{"line":128,"column":8},"end":{"line":128,"column":3727}},"20":{"start":{"line":129,"column":12},"end":{"line":129,"column":27}},"21":{"start":{"line":131,"column":8},"end":{"line":131,"column":41}},"22":{"start":{"line":132,"column":8},"end":{"line":132,"column":62}},"23":{"start":{"line":133,"column":8},"end":{"line":133,"column":52}},"24":{"start":{"line":134,"column":8},"end":{"line":134,"column":3968}},"25":{"start":{"line":135,"column":12},"end":{"line":135,"column":53}},"26":{"start":{"line":136,"column":12},"end":{"line":136,"column":43}},"27":{"start":{"line":138,"column":8},"end":{"line":138,"column":44}},"28":{"start":{"line":147,"column":8},"end":{"line":147,"column":31}},"29":{"start":{"line":172,"column":8},"end":{"line":172,"column":51}},"30":{"start":{"line":177,"column":8},"end":{"line":177,"column":59}},"31":{"start":{"line":178,"column":8},"end":{"line":178,"column":5604}},"32":{"start":{"line":179,"column":12},"end":{"line":179,"column":27}},"33":{"start":{"line":181,"column":8},"end":{"line":181,"column":5679}},"34":{"start":{"line":182,"column":12},"end":{"line":182,"column":62}},"35":{"start":{"line":184,"column":8},"end":{"line":184,"column":41}},"36":{"start":{"line":185,"column":8},"end":{"line":185,"column":52}},"37":{"start":{"line":186,"column":8},"end":{"line":186,"column":52}},"38":{"start":{"line":187,"column":8},"end":{"line":187,"column":5950}},"39":{"start":{"line":188,"column":12},"end":{"line":188,"column":53}},"40":{"start":{"line":189,"column":12},"end":{"line":189,"column":38}},"41":{"start":{"line":191,"column":8},"end":{"line":191,"column":39}},"42":{"start":{"line":205,"column":8},"end":{"line":205,"column":72}},"43":{"start":{"line":207,"column":8},"end":{"line":207,"column":45}},"44":{"start":{"line":208,"column":8},"end":{"line":208,"column":45}},"45":{"start":{"line":218,"column":8},"end":{"line":218,"column":40}},"46":{"start":{"line":239,"column":4},"end":{"line":239,"column":19}},"47":{"start":{"line":247,"column":4},"end":{"line":247,"column":18}},"48":{"start":{"line":255,"column":4},"end":{"line":255,"column":16}},"49":{"start":{"line":256,"column":4},"end":{"line":256,"column":10}},"50":{"start":{"line":263,"column":4},"end":{"line":263,"column":17}},"51":{"start":{"line":264,"column":4},"end":{"line":264,"column":12}},"52":{"start":{"line":272,"column":8},"end":{"line":272,"column":36}},"53":{"start":{"line":276,"column":8},"end":{"line":276,"column":20}},"54":{"start":{"line":282,"column":8},"end":{"line":282,"column":38}},"55":{"start":{"line":283,"column":8},"end":{"line":283,"column":32}},"56":{"start":{"line":287,"column":8},"end":{"line":287,"column":42}},"57":{"start":{"line":288,"column":8},"end":{"line":288,"column":37}},"58":{"start":{"line":292,"column":8},"end":{"line":292,"column":47}},"59":{"start":{"line":293,"column":8},"end":{"line":293,"column":53}},"60":{"start":{"line":294,"column":8},"end":{"line":294,"column":37}},"61":{"start":{"line":295,"column":8},"end":{"line":295,"column":33}},"62":{"start":{"line":296,"column":8},"end":{"line":296,"column":56}},"63":{"start":{"line":331,"column":8},"end":{"line":331,"column":36}},"64":{"start":{"line":332,"column":8},"end":{"line":332,"column":19}},"65":{"start":{"line":333,"column":8},"end":{"line":333,"column":23}},"66":{"start":{"line":334,"column":8},"end":{"line":334,"column":27}},"67":{"start":{"line":335,"column":8},"end":{"line":335,"column":39}},"68":{"start":{"line":336,"column":8},"end":{"line":336,"column":25}},"69":{"start":{"line":341,"column":8},"end":{"line":341,"column":42}},"70":{"start":{"line":342,"column":8},"end":{"line":342,"column":11060}},"71":{"start":{"line":343,"column":12},"end":{"line":343,"column":99}},"72":{"start":{"line":345,"column":12},"end":{"line":345,"column":46}},"73":{"start":{"line":351,"column":8},"end":{"line":351,"column":37}},"74":{"start":{"line":352,"column":8},"end":{"line":352,"column":11485}},"75":{"start":{"line":353,"column":12},"end":{"line":353,"column":110}},"76":{"start":{"line":355,"column":12},"end":{"line":355,"column":57}},"77":{"start":{"line":361,"column":8},"end":{"line":361,"column":11870}},"78":{"start":{"line":362,"column":12},"end":{"line":362,"column":72}},"79":{"start":{"line":364,"column":12},"end":{"line":364,"column":39}},"80":{"start":{"line":370,"column":8},"end":{"line":370,"column":12215}},"81":{"start":{"line":371,"column":12},"end":{"line":371,"column":103}},"82":{"start":{"line":373,"column":12},"end":{"line":373,"column":50}},"83":{"start":{"line":379,"column":8},"end":{"line":379,"column":12617}},"84":{"start":{"line":380,"column":12},"end":{"line":380,"column":77}},"85":{"start":{"line":382,"column":12},"end":{"line":382,"column":52}},"86":{"start":{"line":388,"column":8},"end":{"line":388,"column":24}},"87":{"start":{"line":389,"column":8},"end":{"line":389,"column":41}},"88":{"start":{"line":390,"column":8},"end":{"line":390,"column":34}},"89":{"start":{"line":395,"column":8},"end":{"line":395,"column":13183}},"90":{"start":{"line":396,"column":12},"end":{"line":396,"column":63}},"91":{"start":{"line":398,"column":12},"end":{"line":398,"column":31}},"92":{"start":{"line":407,"column":8},"end":{"line":407,"column":52}},"93":{"start":{"line":408,"column":8},"end":{"line":408,"column":58}},"94":{"start":{"line":410,"column":8},"end":{"line":410,"column":32}},"95":{"start":{"line":411,"column":8},"end":{"line":411,"column":29}},"96":{"start":{"line":412,"column":8},"end":{"line":412,"column":20}},"97":{"start":{"line":421,"column":8},"end":{"line":421,"column":38}},"98":{"start":{"line":422,"column":8},"end":{"line":422,"column":41}},"99":{"start":{"line":424,"column":8},"end":{"line":424,"column":29}},"100":{"start":{"line":425,"column":8},"end":{"line":425,"column":32}},"101":{"start":{"line":426,"column":8},"end":{"line":426,"column":21}},"102":{"start":{"line":431,"column":8},"end":{"line":431,"column":35}},"103":{"start":{"line":432,"column":8},"end":{"line":432,"column":30}},"104":{"start":{"line":434,"column":8},"end":{"line":434,"column":39}},"105":{"start":{"line":435,"column":8},"end":{"line":435,"column":47}},"106":{"start":{"line":437,"column":8},"end":{"line":437,"column":42}}},"branchMap":{"1":{"line":13,"type":"if","locations":[{"start":{"line":13,"column":8},"end":{"line":13,"column":8}},{"start":{"line":13,"column":8},"end":{"line":13,"column":8}}]},"2":{"line":17,"type":"if","locations":[{"start":{"line":17,"column":8},"end":{"line":17,"column":8}},{"start":{"line":17,"column":8},"end":{"line":17,"column":8}}]},"3":{"line":29,"type":"if","locations":[{"start":{"line":29,"column":8},"end":{"line":29,"column":8}},{"start":{"line":29,"column":8},"end":{"line":29,"column":8}}]},"4":{"line":35,"type":"if","locations":[{"start":{"line":35,"column":8},"end":{"line":35,"column":8}},{"start":{"line":35,"column":8},"end":{"line":35,"column":8}}]},"5":{"line":60,"type":"if","locations":[{"start":{"line":60,"column":8},"end":{"line":60,"column":8}},{"start":{"line":60,"column":8},"end":{"line":60,"column":8}}]},"6":{"line":69,"type":"if","locations":[{"start":{"line":69,"column":8},"end":{"line":69,"column":8}},{"start":{"line":69,"column":8},"end":{"line":69,"column":8}}]},"7":{"line":117,"type":"if","locations":[{"start":{"line":117,"column":8},"end":{"line":117,"column":8}},{"start":{"line":117,"column":8},"end":{"line":117,"column":8}}]},"8":{"line":128,"type":"if","locations":[{"start":{"line":128,"column":8},"end":{"line":128,"column":8}},{"start":{"line":128,"column":8},"end":{"line":128,"column":8}}]},"9":{"line":134,"type":"if","locations":[{"start":{"line":134,"column":8},"end":{"line":134,"column":8}},{"start":{"line":134,"column":8},"end":{"line":134,"column":8}}]},"10":{"line":178,"type":"if","locations":[{"start":{"line":178,"column":8},"end":{"line":178,"column":8}},{"start":{"line":178,"column":8},"end":{"line":178,"column":8}}]},"11":{"line":181,"type":"if","locations":[{"start":{"line":181,"column":8},"end":{"line":181,"column":8}},{"start":{"line":181,"column":8},"end":{"line":181,"column":8}}]},"12":{"line":187,"type":"if","locations":[{"start":{"line":187,"column":8},"end":{"line":187,"column":8}},{"start":{"line":187,"column":8},"end":{"line":187,"column":8}}]},"13":{"line":205,"type":"if","locations":[{"start":{"line":205,"column":8},"end":{"line":205,"column":8}},{"start":{"line":205,"column":8},"end":{"line":205,"column":8}}]},"14":{"line":239,"type":"if","locations":[{"start":{"line":239,"column":4},"end":{"line":239,"column":4}},{"start":{"line":239,"column":4},"end":{"line":239,"column":4}}]},"15":{"line":247,"type":"if","locations":[{"start":{"line":247,"column":4},"end":{"line":247,"column":4}},{"start":{"line":247,"column":4},"end":{"line":247,"column":4}}]},"16":{"line":292,"type":"if","locations":[{"start":{"line":292,"column":8},"end":{"line":292,"column":8}},{"start":{"line":292,"column":8},"end":{"line":292,"column":8}}]},"17":{"line":341,"type":"if","locations":[{"start":{"line":341,"column":8},"end":{"line":341,"column":8}},{"start":{"line":341,"column":8},"end":{"line":341,"column":8}}]},"18":{"line":342,"type":"if","locations":[{"start":{"line":342,"column":8},"end":{"line":342,"column":8}},{"start":{"line":342,"column":8},"end":{"line":342,"column":8}}]},"19":{"line":351,"type":"if","locations":[{"start":{"line":351,"column":8},"end":{"line":351,"column":8}},{"start":{"line":351,"column":8},"end":{"line":351,"column":8}}]},"20":{"line":352,"type":"if","locations":[{"start":{"line":352,"column":8},"end":{"line":352,"column":8}},{"start":{"line":352,"column":8},"end":{"line":352,"column":8}}]},"21":{"line":361,"type":"if","locations":[{"start":{"line":361,"column":8},"end":{"line":361,"column":8}},{"start":{"line":361,"column":8},"end":{"line":361,"column":8}}]},"22":{"line":370,"type":"if","locations":[{"start":{"line":370,"column":8},"end":{"line":370,"column":8}},{"start":{"line":370,"column":8},"end":{"line":370,"column":8}}]},"23":{"line":379,"type":"if","locations":[{"start":{"line":379,"column":8},"end":{"line":379,"column":8}},{"start":{"line":379,"column":8},"end":{"line":379,"column":8}}]},"24":{"line":395,"type":"if","locations":[{"start":{"line":395,"column":8},"end":{"line":395,"column":8}},{"start":{"line":395,"column":8},"end":{"line":395,"column":8}}]},"25":{"line":407,"type":"if","locations":[{"start":{"line":407,"column":8},"end":{"line":407,"column":8}},{"start":{"line":407,"column":8},"end":{"line":407,"column":8}}]},"26":{"line":408,"type":"if","locations":[{"start":{"line":408,"column":8},"end":{"line":408,"column":8}},{"start":{"line":408,"column":8},"end":{"line":408,"column":8}}]},"27":{"line":421,"type":"if","locations":[{"start":{"line":421,"column":8},"end":{"line":421,"column":8}},{"start":{"line":421,"column":8},"end":{"line":421,"column":8}}]},"28":{"line":422,"type":"if","locations":[{"start":{"line":422,"column":8},"end":{"line":422,"column":8}},{"start":{"line":422,"column":8},"end":{"line":422,"column":8}}]},"29":{"line":431,"type":"if","locations":[{"start":{"line":431,"column":8},"end":{"line":431,"column":8}},{"start":{"line":431,"column":8},"end":{"line":431,"column":8}}]},"30":{"line":432,"type":"if","locations":[{"start":{"line":432,"column":8},"end":{"line":432,"column":8}},{"start":{"line":432,"column":8},"end":{"line":432,"column":8}}]}}}}