TN:
SF:C:/Users/Kahan Majmudar/OneDrive/Study/Blockchain BTP/Smart-Contract-Testing/contracts/Migrations.sol
FN:7,constructor
FN:11,restricted
FN:15,setCompleted
FNF:3
FNH:3
FNDA:3,constructor
FNDA:1,restricted
FNDA:1,setCompleted
DA:8,3
DA:12,1
DA:16,1
LF:3
LH:3
BRDA:12,1,0,1
BRDA:12,1,1,0
BRF:2
BRH:1
end_of_record
TN:
SF:C:/Users/Kahan Majmudar/OneDrive/Study/Blockchain BTP/Smart-Contract-Testing/contracts/TetherToken.sol
FN:12,mul
FN:21,div
FN:28,sub
FN:33,add
FN:52,constructor
FN:59,onlyOwner
FN:68,transferOwnership
FN:116,onlyPayloadSize
FN:126,transfer
FN:146,balanceOf
FN:171,transferFrom
FN:199,approve
FN:217,allowance
FN:238,whenNotPaused
FN:246,whenPaused
FN:254,pause
FN:262,unpause
FN:271,getBlackListStatus
FN:275,getOwner
FN:281,addBlackList
FN:286,removeBlackList
FN:291,destroyBlackFunds
FN:330,constructor
FN:340,transfer
FN:350,transferFrom
FN:360,balanceOf
FN:369,approve
FN:378,allowance
FN:387,deprecate
FN:394,totalSupply
FN:406,issue
FN:420,redeem
FN:429,setParams
FNF:33
FNH:27
FNDA:7,mul
FNDA:6,div
FNDA:13,sub
FNDA:6,add
FNDA:4,constructor
FNDA:24,onlyOwner
FNDA:0,transferOwnership
FNDA:10,onlyPayloadSize
FNDA:5,transfer
FNDA:18,balanceOf
FNDA:1,transferFrom
FNDA:2,approve
FNDA:0,allowance
FNDA:13,whenNotPaused
FNDA:1,whenPaused
FNDA:1,pause
FNDA:1,unpause
FNDA:0,getBlackListStatus
FNDA:0,getOwner
FNDA:2,addBlackList
FNDA:1,removeBlackList
FNDA:1,destroyBlackFunds
FNDA:4,constructor
FNDA:7,transfer
FNDA:3,transferFrom
FNDA:18,balanceOf
FNDA:2,approve
FNDA:0,allowance
FNDA:0,deprecate
FNDA:4,totalSupply
FNDA:3,issue
FNDA:2,redeem
FNDA:3,setParams
DA:13,7
DA:14,0
DA:16,7
DA:17,7
DA:18,7
DA:23,6
DA:25,6
DA:29,13
DA:30,13
DA:34,6
DA:35,6
DA:36,6
DA:53,4
DA:60,24
DA:61,14
DA:69,0
DA:70,0
DA:117,10
DA:118,10
DA:127,5
DA:128,5
DA:129,0
DA:131,5
DA:132,5
DA:133,5
DA:134,5
DA:135,0
DA:136,0
DA:138,5
DA:147,18
DA:172,1
DA:177,1
DA:178,1
DA:179,0
DA:181,1
DA:182,1
DA:184,1
DA:185,1
DA:186,1
DA:187,1
DA:188,0
DA:189,0
DA:191,1
DA:205,2
DA:207,2
DA:208,2
DA:218,0
DA:239,13
DA:240,11
DA:247,1
DA:248,1
DA:255,1
DA:256,1
DA:263,1
DA:264,1
DA:272,0
DA:276,0
DA:282,2
DA:283,2
DA:287,1
DA:288,1
DA:292,1
DA:293,1
DA:294,1
DA:295,1
DA:296,1
DA:331,4
DA:332,4
DA:333,4
DA:334,4
DA:335,4
DA:336,4
DA:341,7
DA:342,5
DA:343,0
DA:345,5
DA:351,3
DA:352,1
DA:353,0
DA:355,1
DA:361,18
DA:362,0
DA:364,18
DA:370,2
DA:371,0
DA:373,2
DA:379,0
DA:380,0
DA:382,0
DA:388,0
DA:389,0
DA:390,0
DA:395,4
DA:396,0
DA:398,4
DA:407,3
DA:408,1
DA:410,1
DA:411,1
DA:412,1
DA:421,2
DA:422,2
DA:424,2
DA:425,2
DA:426,2
DA:431,3
DA:432,1
DA:434,1
DA:435,1
DA:437,1
LF:110
LH:87
BRDA:13,1,0,0
BRDA:13,1,1,7
BRDA:17,2,0,7
BRDA:17,2,1,0
BRDA:29,3,0,13
BRDA:29,3,1,0
BRDA:35,4,0,6
BRDA:35,4,1,0
BRDA:60,5,0,14
BRDA:60,5,1,10
BRDA:69,6,0,0
BRDA:69,6,1,0
BRDA:117,7,0,10
BRDA:117,7,1,0
BRDA:128,8,0,0
BRDA:128,8,1,5
BRDA:134,9,0,0
BRDA:134,9,1,5
BRDA:178,10,0,0
BRDA:178,10,1,1
BRDA:181,11,0,1
BRDA:181,11,1,0
BRDA:187,12,0,0
BRDA:187,12,1,1
BRDA:205,13,0,2
BRDA:205,13,1,0
BRDA:239,14,0,11
BRDA:239,14,1,2
BRDA:247,15,0,1
BRDA:247,15,1,0
BRDA:292,16,0,1
BRDA:292,16,1,0
BRDA:341,17,0,5
BRDA:341,17,1,2
BRDA:342,18,0,0
BRDA:342,18,1,5
BRDA:351,19,0,1
BRDA:351,19,1,2
BRDA:352,20,0,0
BRDA:352,20,1,1
BRDA:361,21,0,0
BRDA:361,21,1,18
BRDA:370,22,0,0
BRDA:370,22,1,2
BRDA:379,23,0,0
BRDA:379,23,1,0
BRDA:395,24,0,0
BRDA:395,24,1,4
BRDA:407,25,0,1
BRDA:407,25,1,2
BRDA:408,26,0,1
BRDA:408,26,1,0
BRDA:421,27,0,2
BRDA:421,27,1,0
BRDA:422,28,0,2
BRDA:422,28,1,0
BRDA:431,29,0,1
BRDA:431,29,1,2
BRDA:432,30,0,1
BRDA:432,30,1,0
BRF:60
BRH:34
end_of_record
