TN:
SF:C:/Users/Kahan Majmudar/OneDrive/Study/Blockchain BTP/Smart-Contract-Testing/contracts/Migrations.sol
FN:7,constructor
FN:11,restricted
FN:15,setCompleted
FNF:3
FNH:3
FNDA:3,constructor
FNDA:1,restricted
FNDA:1,setCompleted
DA:8,3
DA:12,1
DA:16,1
LF:3
LH:3
BRDA:12,1,0,1
BRDA:12,1,1,0
BRF:2
BRH:1
end_of_record
TN:
SF:C:/Users/Kahan Majmudar/OneDrive/Study/Blockchain BTP/Smart-Contract-Testing/contracts/TetherToken.sol
FN:14,mul
FN:23,div
FN:30,sub
FN:35,add
FN:54,constructor
FN:61,onlyOwner
FN:70,transferOwnership
FN:118,onlyPayloadSize
FN:128,transfer
FN:148,balanceOf
FN:173,transferFrom
FN:201,approve
FN:218,allowance
FN:239,whenNotPaused
FN:247,whenPaused
FN:255,pause
FN:263,unpause
FN:272,getBlackListStatus
FN:276,getOwner
FN:282,addBlackList
FN:287,removeBlackList
FN:292,destroyBlackFunds
FN:331,constructor
FN:341,transfer
FN:351,transferFrom
FN:361,balanceOf
FN:370,approve
FN:379,allowance
FN:388,deprecate
FN:395,totalSupply
FN:407,issue
FN:421,redeem
FN:430,setParams
FNF:33
FNH:33
FNDA:7,mul
FNDA:6,div
FNDA:13,sub
FNDA:6,add
FNDA:4,constructor
FNDA:29,onlyOwner
FNDA:2,transferOwnership
FNDA:10,onlyPayloadSize
FNDA:5,transfer
FNDA:18,balanceOf
FNDA:1,transferFrom
FNDA:2,approve
FNDA:2,allowance
FNDA:13,whenNotPaused
FNDA:1,whenPaused
FNDA:1,pause
FNDA:1,unpause
FNDA:1,getBlackListStatus
FNDA:3,getOwner
FNDA:2,addBlackList
FNDA:1,removeBlackList
FNDA:1,destroyBlackFunds
FNDA:4,constructor
FNDA:7,transfer
FNDA:3,transferFrom
FNDA:18,balanceOf
FNDA:2,approve
FNDA:2,allowance
FNDA:1,deprecate
FNDA:4,totalSupply
FNDA:3,issue
FNDA:2,redeem
FNDA:3,setParams
DA:15,7
DA:16,0
DA:18,7
DA:19,7
DA:20,7
DA:25,6
DA:27,6
DA:31,13
DA:32,13
DA:36,6
DA:37,6
DA:38,6
DA:55,4
DA:62,29
DA:63,17
DA:71,2
DA:72,2
DA:119,10
DA:120,10
DA:129,5
DA:130,5
DA:131,0
DA:133,5
DA:134,5
DA:135,5
DA:136,5
DA:137,0
DA:138,0
DA:140,5
DA:149,18
DA:174,1
DA:179,1
DA:180,1
DA:181,0
DA:183,1
DA:184,1
DA:186,1
DA:187,1
DA:188,1
DA:189,1
DA:190,0
DA:191,0
DA:193,1
DA:206,2
DA:208,2
DA:209,2
DA:219,2
DA:240,13
DA:241,11
DA:248,1
DA:249,1
DA:256,1
DA:257,1
DA:264,1
DA:265,1
DA:273,1
DA:277,3
DA:283,2
DA:284,2
DA:288,1
DA:289,1
DA:293,1
DA:294,1
DA:295,1
DA:296,1
DA:297,1
DA:332,4
DA:333,4
DA:334,4
DA:335,4
DA:336,4
DA:337,4
DA:342,7
DA:343,5
DA:344,0
DA:346,5
DA:352,3
DA:353,1
DA:354,0
DA:356,1
DA:362,18
DA:363,0
DA:365,18
DA:371,2
DA:372,0
DA:374,2
DA:380,2
DA:381,0
DA:383,2
DA:389,1
DA:390,1
DA:391,1
DA:396,4
DA:397,0
DA:399,4
DA:408,3
DA:409,1
DA:411,1
DA:412,1
DA:413,1
DA:422,2
DA:423,2
DA:425,2
DA:426,2
DA:427,2
DA:432,3
DA:433,1
DA:435,1
DA:436,1
DA:438,1
LF:110
LH:97
BRDA:15,1,0,0
BRDA:15,1,1,7
BRDA:19,2,0,7
BRDA:19,2,1,0
BRDA:31,3,0,13
BRDA:31,3,1,0
BRDA:37,4,0,6
BRDA:37,4,1,0
BRDA:62,5,0,17
BRDA:62,5,1,12
BRDA:71,6,0,2
BRDA:71,6,1,0
BRDA:119,7,0,10
BRDA:119,7,1,0
BRDA:130,8,0,0
BRDA:130,8,1,5
BRDA:136,9,0,0
BRDA:136,9,1,5
BRDA:180,10,0,0
BRDA:180,10,1,1
BRDA:183,11,0,1
BRDA:183,11,1,0
BRDA:189,12,0,0
BRDA:189,12,1,1
BRDA:206,13,0,2
BRDA:206,13,1,0
BRDA:240,14,0,11
BRDA:240,14,1,2
BRDA:248,15,0,1
BRDA:248,15,1,0
BRDA:293,16,0,1
BRDA:293,16,1,0
BRDA:342,17,0,5
BRDA:342,17,1,2
BRDA:343,18,0,0
BRDA:343,18,1,5
BRDA:352,19,0,1
BRDA:352,19,1,2
BRDA:353,20,0,0
BRDA:353,20,1,1
BRDA:362,21,0,0
BRDA:362,21,1,18
BRDA:371,22,0,0
BRDA:371,22,1,2
BRDA:380,23,0,0
BRDA:380,23,1,2
BRDA:396,24,0,0
BRDA:396,24,1,4
BRDA:408,25,0,1
BRDA:408,25,1,2
BRDA:409,26,0,1
BRDA:409,26,1,0
BRDA:422,27,0,2
BRDA:422,27,1,0
BRDA:423,28,0,2
BRDA:423,28,1,0
BRDA:432,29,0,1
BRDA:432,29,1,2
BRDA:433,30,0,1
BRDA:433,30,1,0
BRF:60
BRH:36
end_of_record
